<?xml version="1.0" encoding="UTF-8"?>
<!-- Generated by org.testng.reporters.JUnitXMLReporter -->
<testsuite hostname="GreenDisease" ignored="0" name="GlobalIDTests" tests="6" failures="0" timestamp="2021-05-07T14:52:29 CDT" time="61.611" errors="0">
  <testcase name="TestBlogPageOpens" time="0.127" classname="GlobalID.WordPress.MyBlogTests"/>
  <testcase name="TestLatestBlogPostIsCorrect" time="0.125" classname="GlobalID.WordPress.MyBlogTests"/>
  <testcase name="TestCategoriesAreClickable" time="2.911" classname="GlobalID.WordPress.MyBlogTests"/>
  <testcase name="TestPostByCategory" time="2.645" classname="GlobalID.WordPress.MyBlogTests"/>
  <testcase name="TestOpenBlogPost" time="2.297" classname="GlobalID.WordPress.MyBlogTests"/>
  <testcase name="TestCommentBlogPost" time="13.839" classname="GlobalID.WordPress.MyBlogTests"/>
</testsuite> <!-- GlobalIDTests -->
